<?xml version="1.0" encoding="UTF-8"?>
<!-- Generated by org.testng.reporters.JUnitReportReporter -->
<testsuite hostname="DESKTOP-SP0SKLB" name="org.mmu.g4sm.qa.at.tests.rough.RoughTestSuite" tests="1" failures="0" timestamp="20 Feb 2018 15:54:00 GMT" time="0.030" errors="0">
  <testcase name="roughCode" time="0.030" classname="org.mmu.g4sm.qa.at.tests.rough.RoughTestSuite"/>
</testsuite> <!-- org.mmu.g4sm.qa.at.tests.rough.RoughTestSuite -->
