<?xml version="1.0" encoding="UTF-8"?>
<!-- Generated by org.testng.reporters.JUnitReportReporter -->
<testsuite hostname="DESKTOP-SP0SKLB" name="org.mmu.g4sm.qa.at.tests.configservice.RoleActionPermissions" tests="1" failures="0" timestamp="19 Mar 2018 16:20:44 GMT" time="18.741" errors="0">
  <testcase name="getRoleActionPermissions" time="18.741" classname="org.mmu.g4sm.qa.at.tests.configservice.RoleActionPermissions"/>
</testsuite> <!-- org.mmu.g4sm.qa.at.tests.configservice.RoleActionPermissions -->
