<?xml version="1.0" encoding="UTF-8"?>
<!-- Generated by org.testng.reporters.JUnitReportReporter -->
<testsuite hostname="DESKTOP-SP0SKLB" name="org.mmu.g4sm.qa.at.tests.configservice.RoleEntityPermissions" tests="1" failures="0" timestamp="26 Mar 2018 13:57:44 GMT" time="771.900" errors="0">
  <testcase name="getRoleEntityPermissions" time="771.900" classname="org.mmu.g4sm.qa.at.tests.configservice.RoleEntityPermissions"/>
</testsuite> <!-- org.mmu.g4sm.qa.at.tests.configservice.RoleEntityPermissions -->
