<?xml version="1.0" encoding="UTF-8"?>
<!-- Generated by org.testng.reporters.JUnitReportReporter -->
<testsuite hostname="DESKTOP-SP0SKLB" name="org.mmu.g4sm.qa.at.tests.roles.CurriculumUpdateTestSuite1" tests="15" failures="0" timestamp="14 Mar 2018 16:57:30 GMT" time="960.754" errors="0">
  <testcase name="CurricUpdateSmokeTest_roles_CurriculumUpdateTestSuite1" time="61.495" classname="org.mmu.g4sm.qa.at.tests.roles.CurriculumUpdateTestSuite1"/>
  <testcase name="CurricUpdateSmokeTest_roles_CurriculumUpdateTestSuite1" time="66.423" classname="org.mmu.g4sm.qa.at.tests.roles.CurriculumUpdateTestSuite1"/>
  <testcase name="CurricUpdateSmokeTest_roles_CurriculumUpdateTestSuite1" time="61.661" classname="org.mmu.g4sm.qa.at.tests.roles.CurriculumUpdateTestSuite1"/>
  <testcase name="CurricUpdateSmokeTest_roles_CurriculumUpdateTestSuite1" time="64.617" classname="org.mmu.g4sm.qa.at.tests.roles.CurriculumUpdateTestSuite1"/>
  <testcase name="CurricUpdateSmokeTest_roles_CurriculumUpdateTestSuite1" time="60.864" classname="org.mmu.g4sm.qa.at.tests.roles.CurriculumUpdateTestSuite1"/>
  <testcase name="CurricUpdateSmokeTest_roles_CurriculumUpdateTestSuite1" time="61.106" classname="org.mmu.g4sm.qa.at.tests.roles.CurriculumUpdateTestSuite1"/>
  <testcase name="CurricUpdateSmokeTest_roles_CurriculumUpdateTestSuite1" time="62.689" classname="org.mmu.g4sm.qa.at.tests.roles.CurriculumUpdateTestSuite1"/>
  <testcase name="CurricUpdateSmokeTest_roles_CurriculumUpdateTestSuite1" time="60.999" classname="org.mmu.g4sm.qa.at.tests.roles.CurriculumUpdateTestSuite1"/>
  <testcase name="CurricUpdateSmokeTest_roles_CurriculumUpdateTestSuite1" time="64.408" classname="org.mmu.g4sm.qa.at.tests.roles.CurriculumUpdateTestSuite1"/>
  <testcase name="CurricUpdateSmokeTest_roles_CurriculumUpdateTestSuite1" time="84.735" classname="org.mmu.g4sm.qa.at.tests.roles.CurriculumUpdateTestSuite1"/>
  <testcase name="CurricUpdateSmokeTest_roles_CurriculumUpdateTestSuite1" time="63.103" classname="org.mmu.g4sm.qa.at.tests.roles.CurriculumUpdateTestSuite1"/>
  <testcase name="CurricUpdateSmokeTest_roles_CurriculumUpdateTestSuite1" time="65.695" classname="org.mmu.g4sm.qa.at.tests.roles.CurriculumUpdateTestSuite1"/>
  <testcase name="CurricUpdateSmokeTest_roles_CurriculumUpdateTestSuite1" time="61.085" classname="org.mmu.g4sm.qa.at.tests.roles.CurriculumUpdateTestSuite1"/>
  <testcase name="CurricUpdateSmokeTest_roles_CurriculumUpdateTestSuite1" time="60.688" classname="org.mmu.g4sm.qa.at.tests.roles.CurriculumUpdateTestSuite1"/>
  <testcase name="CurricUpdateSmokeTest_roles_CurriculumUpdateTestSuite1" time="61.186" classname="org.mmu.g4sm.qa.at.tests.roles.CurriculumUpdateTestSuite1"/>
</testsuite> <!-- org.mmu.g4sm.qa.at.tests.roles.CurriculumUpdateTestSuite1 -->
