<?xml version="1.0" encoding="UTF-8"?>
<!-- Generated by org.testng.reporters.JUnitReportReporter -->
<testsuite hostname="DESKTOP-SP0SKLB" name="org.mmu.g4sm.qa.at.tests.roles.CurriculumUpdateTestSuite" tests="1" failures="0" timestamp="20 Feb 2018 14:57:38 GMT" time="50.392" errors="0">
  <testcase name="MenuOptions_roles_CurriculumUpdateTestSuite_VerifyUserCanModifyMenuOption" time="50.392" classname="org.mmu.g4sm.qa.at.tests.roles.CurriculumUpdateTestSuite"/>
</testsuite> <!-- org.mmu.g4sm.qa.at.tests.roles.CurriculumUpdateTestSuite -->
