<?xml version="1.0" encoding="UTF-8"?>
<!-- Generated by org.testng.reporters.JUnitReportReporter -->
<testsuite hostname="DESKTOP-SP0SKLB" name="org.mmu.g4sm.qa.at.tests.roles.curriculumread.CurriculumReadTestSuite" tests="1" failures="0" timestamp="12 Feb 2018 22:47:16 GMT" time="9.254" errors="0">
  <testcase name="AcademicPeriod_curriculumread_CurriculumReadTestSuite_VerifyUserCanReadAcademicPeriod" time="9.254" classname="org.mmu.g4sm.qa.at.tests.roles.curriculumread.CurriculumReadTestSuite"/>
</testsuite> <!-- org.mmu.g4sm.qa.at.tests.roles.curriculumread.CurriculumReadTestSuite -->
