<?xml version="1.0" encoding="UTF-8"?>
<!-- Generated by org.testng.reporters.JUnitReportReporter -->
<testsuite hostname="DESKTOP-SP0SKLB" name="org.mmu.g4sm.qa.at.tests.roles.CommunityReadTestSuite" tests="28" failures="0" timestamp="26 Mar 2018 12:01:51 GMT" time="422.870" errors="0">
  <testcase name="CommReadSmokeTest_roles_CommunityReadTestSuite" time="12.148" classname="org.mmu.g4sm.qa.at.tests.roles.CommunityReadTestSuite"/>
  <testcase name="CommReadSmokeTest_roles_CommunityReadTestSuite" time="19.844" classname="org.mmu.g4sm.qa.at.tests.roles.CommunityReadTestSuite"/>
  <testcase name="CommReadSmokeTest_roles_CommunityReadTestSuite" time="12.347" classname="org.mmu.g4sm.qa.at.tests.roles.CommunityReadTestSuite"/>
  <testcase name="CommReadSmokeTest_roles_CommunityReadTestSuite" time="19.499" classname="org.mmu.g4sm.qa.at.tests.roles.CommunityReadTestSuite"/>
  <testcase name="CommReadSmokeTest_roles_CommunityReadTestSuite" time="12.829" classname="org.mmu.g4sm.qa.at.tests.roles.CommunityReadTestSuite"/>
  <testcase name="CommReadSmokeTest_roles_CommunityReadTestSuite" time="12.468" classname="org.mmu.g4sm.qa.at.tests.roles.CommunityReadTestSuite"/>
  <testcase name="CommReadSmokeTest_roles_CommunityReadTestSuite" time="13.168" classname="org.mmu.g4sm.qa.at.tests.roles.CommunityReadTestSuite"/>
  <testcase name="CommReadSmokeTest_roles_CommunityReadTestSuite" time="12.203" classname="org.mmu.g4sm.qa.at.tests.roles.CommunityReadTestSuite"/>
  <testcase name="CommReadSmokeTest_roles_CommunityReadTestSuite" time="13.962" classname="org.mmu.g4sm.qa.at.tests.roles.CommunityReadTestSuite"/>
  <testcase name="CommReadSmokeTest_roles_CommunityReadTestSuite" time="19.217" classname="org.mmu.g4sm.qa.at.tests.roles.CommunityReadTestSuite"/>
  <testcase name="CommReadSmokeTest_roles_CommunityReadTestSuite" time="12.407" classname="org.mmu.g4sm.qa.at.tests.roles.CommunityReadTestSuite"/>
  <testcase name="CommReadSmokeTest_roles_CommunityReadTestSuite" time="20.662" classname="org.mmu.g4sm.qa.at.tests.roles.CommunityReadTestSuite"/>
  <testcase name="CommReadSmokeTest_roles_CommunityReadTestSuite" time="12.057" classname="org.mmu.g4sm.qa.at.tests.roles.CommunityReadTestSuite"/>
  <testcase name="CommReadSmokeTest_roles_CommunityReadTestSuite" time="13.786" classname="org.mmu.g4sm.qa.at.tests.roles.CommunityReadTestSuite"/>
  <testcase name="CommReadSmokeTest_roles_CommunityReadTestSuite" time="28.993" classname="org.mmu.g4sm.qa.at.tests.roles.CommunityReadTestSuite"/>
  <testcase name="CommReadSmokeTest_roles_CommunityReadTestSuite" time="19.265" classname="org.mmu.g4sm.qa.at.tests.roles.CommunityReadTestSuite"/>
  <testcase name="CommReadSmokeTest_roles_CommunityReadTestSuite" time="19.935" classname="org.mmu.g4sm.qa.at.tests.roles.CommunityReadTestSuite"/>
  <testcase name="CommReadSmokeTest_roles_CommunityReadTestSuite" time="13.151" classname="org.mmu.g4sm.qa.at.tests.roles.CommunityReadTestSuite"/>
  <testcase name="CommReadSmokeTest_roles_CommunityReadTestSuite" time="12.646" classname="org.mmu.g4sm.qa.at.tests.roles.CommunityReadTestSuite"/>
  <testcase name="CommReadSmokeTest_roles_CommunityReadTestSuite" time="13.220" classname="org.mmu.g4sm.qa.at.tests.roles.CommunityReadTestSuite"/>
  <testcase name="CommReadSmokeTest_roles_CommunityReadTestSuite" time="20.241" classname="org.mmu.g4sm.qa.at.tests.roles.CommunityReadTestSuite"/>
  <testcase name="CommReadSmokeTest_roles_CommunityReadTestSuite" time="12.265" classname="org.mmu.g4sm.qa.at.tests.roles.CommunityReadTestSuite"/>
  <testcase name="CommReadSmokeTest_roles_CommunityReadTestSuite" time="12.853" classname="org.mmu.g4sm.qa.at.tests.roles.CommunityReadTestSuite"/>
  <testcase name="CommReadSmokeTest_roles_CommunityReadTestSuite" time="12.682" classname="org.mmu.g4sm.qa.at.tests.roles.CommunityReadTestSuite"/>
  <testcase name="CommReadSmokeTest_roles_CommunityReadTestSuite" time="13.382" classname="org.mmu.g4sm.qa.at.tests.roles.CommunityReadTestSuite"/>
  <testcase name="CommReadSmokeTest_roles_CommunityReadTestSuite" time="12.383" classname="org.mmu.g4sm.qa.at.tests.roles.CommunityReadTestSuite"/>
  <testcase name="CommReadSmokeTest_roles_CommunityReadTestSuite" time="12.499" classname="org.mmu.g4sm.qa.at.tests.roles.CommunityReadTestSuite"/>
  <testcase name="CommReadSmokeTest_roles_CommunityReadTestSuite" time="12.758" classname="org.mmu.g4sm.qa.at.tests.roles.CommunityReadTestSuite"/>
</testsuite> <!-- org.mmu.g4sm.qa.at.tests.roles.CommunityReadTestSuite -->
