<?xml version="1.0" encoding="UTF-8"?>
<!-- Generated by org.testng.reporters.JUnitReportReporter -->
<testsuite hostname="DESKTOP-SP0SKLB" name="org.mmu.g4sm.qa.at.tests.login.LoginTestSuite" tests="1" failures="0" timestamp="12 Feb 2018 11:25:56 GMT" time="8.668" errors="0">
  <testcase name="successfulLogin_Login_LoginTestSuite_VerifyLoginDetailsAfterSuccessfulLogin" time="8.668" classname="org.mmu.g4sm.qa.at.tests.login.LoginTestSuite"/>
</testsuite> <!-- org.mmu.g4sm.qa.at.tests.login.LoginTestSuite -->
