<?xml version="1.0" encoding="UTF-8"?>
<!-- Generated by org.testng.reporters.JUnitReportReporter -->
<testsuite hostname="DESKTOP-SP0SKLB" name="org.mmu.g4sm.qa.at.tests.configservice.RoleActions" tests="1" failures="0" timestamp="26 Mar 2018 15:12:35 GMT" time="65.970" errors="0">
  <testcase name="getRoleActionPermissions" time="65.970" classname="org.mmu.g4sm.qa.at.tests.configservice.RoleActions"/>
</testsuite> <!-- org.mmu.g4sm.qa.at.tests.configservice.RoleActions -->
